<?xml version="1.0" encoding="UTF-8"?>
<!-- Generated by org.testng.reporters.JUnitReportReporter -->
<testsuite hostname="DESKTOP-M463AMS" failures="0" tests="1" name="JudgeRegisterToEvent" time="22.853" errors="0" timestamp="2024-08-28T17:23:37 CEST" skipped="0">
  <testcase classname="JudgeRegisterToEvent" name="testJudgeRegisterToEvent" time="22.853"/>
</testsuite> <!-- JudgeRegisterToEvent -->
