<?xml version="1.0" encoding="UTF-8"?>
<!-- Generated by org.testng.reporters.JUnitReportReporter -->
<testsuite hostname="DESKTOP-M463AMS" failures="0" tests="1" name="DebaterlyRegisterDebater" time="23.821" errors="0" timestamp="2024-08-28T15:43:33 CEST" skipped="0">
  <testcase classname="DebaterlyRegisterDebater" name="testRegisterDebater" time="23.821"/>
</testsuite> <!-- DebaterlyRegisterDebater -->
