<?xml version="1.0" encoding="UTF-8"?>
<!-- Generated by org.testng.reporters.JUnitReportReporter -->
<testsuite hostname="DESKTOP-M463AMS" failures="0" tests="1" name="DebaterlyRegisterJudge" time="16.037" errors="0" timestamp="2024-08-28T15:48:53 CEST" skipped="0">
  <testcase classname="DebaterlyRegisterJudge" name="testRegisterJudge" time="16.037"/>
</testsuite> <!-- DebaterlyRegisterJudge -->
